[2016-04-14 02:35:57] START
[2016-04-14 02:37:01] EDIT Temporary/views/layout.html: -9
[2016-04-14 02:40:19] EDIT Temporary/views/layout.html: 0
[2016-04-14 02:40:43] EDIT Temporary/views/layout.html: 0
[2016-04-14 02:41:07] EDIT Temporary/views/layout.html: -1
[2016-04-14 02:41:25] EDIT Temporary/views/layout.html: -2
[2016-04-14 02:45:55] EDIT Temporary/views/layout.html: -2
[2016-04-14 02:51:16] EDIT Temporary/views/layout.html: -9
[2016-04-14 02:52:24] EDIT Temporary/views/layout.html: -11
[2016-04-14 02:57:16] EDIT Temporary/views/layout.html: 0
[2016-04-14 02:57:37] EDIT Temporary/views/layout.html: 0
[2016-04-14 02:57:39] EDIT Temporary/views/layout.html: 0
[2016-04-14 03:04:23] EDIT Temporary/views/layout.html: 0
[2016-04-14 03:05:17] EDIT Temporary/views/layout.html: -24
[2016-04-14 03:05:33] EDIT Temporary/views/layout.html: 0
[2016-04-14 03:05:44] EDIT Temporary/views/layout.html: 0
[2016-04-14 03:06:17] EDIT Temporary/views/layout.html: 0
[2016-04-14 03:07:05] EDIT Temporary/views/layout.html: 0
[2016-04-14 03:07:28] EDIT Temporary/views/layout.html: 0
[2016-04-14 03:07:57] EDIT Temporary/views/layout.html: 0
[2016-04-14 03:09:26] EDIT Temporary/controllers/default.py: 0
[2016-04-14 03:10:09] EDIT Temporary/views/layout.html: 0
[2016-04-14 03:10:34] EDIT Temporary/views/layout.html: 0
[2016-04-14 03:11:16] EDIT Temporary/views/layout.html: 0
[2016-04-14 19:22:32] EDIT Temporary/views/layout.html: 0
[2016-04-14 19:23:10] EDIT Temporary/views/layout.html: -10
[2016-04-14 19:23:35] EDIT Temporary/views/layout.html: 0
[2016-04-14 19:23:40] EDIT Temporary/views/layout.html: 0
[2016-04-14 19:24:00] EDIT Temporary/views/layout.html: 0
[2016-04-14 19:24:31] EDIT Temporary/views/layout.html: 0
[2016-04-14 19:24:49] EDIT Temporary/views/layout.html: 0
[2016-04-14 19:25:42] EDIT Temporary/views/layout.html: -4
[2016-04-14 19:26:31] EDIT Temporary/views/layout.html: 0
[2016-04-14 19:26:39] EDIT Temporary/views/layout.html: 0
[2016-04-14 19:52:47] EDIT Temporary/models/menu.py: 0
[2016-04-14 19:52:58] EDIT Temporary/models/menu.py: 0
[2016-04-14 19:56:14] EDIT Temporary/static/css/bootstrap.min.css: 0
[2016-04-14 19:56:43] EDIT Temporary/static/css/bootstrap.min.css: 0
[2016-04-14 20:00:55] EDIT Temporary/static/css/web2py-bootstrap3.css: 0
[2016-04-14 20:01:15] EDIT Temporary/static/css/web2py-bootstrap3.css: 0
[2016-04-14 20:02:41] EDIT Temporary/static/css/web2py.css: 1
[2016-04-14 20:02:50] EDIT Temporary/static/css/web2py.css: -1
[2016-04-14 20:03:18] EDIT Temporary/static/css/web2py.css: -1
[2016-04-14 20:03:23] EDIT Temporary/static/css/web2py.css: -1
[2016-04-14 20:03:33] EDIT Temporary/static/css/web2py.css: 2
[2016-04-14 20:07:42] EDIT Temporary/static/css/bootstrap.min.css: 0
[2016-04-14 20:09:03] EDIT Temporary/static/css/bootstrap.min.css: 0
[2016-04-14 20:09:30] EDIT Temporary/static/css/bootstrap.min.css: 0
[2016-04-14 20:19:55] EDIT Temporary/static/css/bootstrap.min.css: 0
[2016-04-15 03:34:42] EDIT Temporary/static/css/bootstrap.min.css: 0
[2016-04-15 03:35:02] EDIT Temporary/static/css/bootstrap.min.css: 0
[2016-04-15 03:35:49] EDIT Temporary/models/menu.py: 0
[2016-04-15 03:36:00] EDIT Temporary/models/menu.py: 0
[2016-04-15 03:36:30] EDIT Temporary/models/menu.py: 0
[2016-04-15 03:36:42] EDIT Temporary/models/menu.py: 0
[2016-04-15 03:37:17] EDIT Temporary/models/menu.py: 0
[2016-04-15 03:40:51] EDIT Temporary/static/css/bootstrap.min.css: 0
[2016-04-15 03:41:08] EDIT Temporary/static/css/bootstrap.min.css: 0
[2016-04-15 03:41:53] EDIT Temporary/static/css/bootstrap.min.css: 0
[2016-04-15 03:42:00] EDIT Temporary/static/css/bootstrap.min.css: 0
[2016-04-15 03:45:02] EDIT Temporary/static/css/bootstrap.min.css: 0
[2016-04-15 03:45:20] EDIT Temporary/static/css/bootstrap.min.css: 0
[2016-04-15 03:46:14] EDIT Temporary/static/css/bootstrap.min.css: 0
[2016-04-15 03:46:27] EDIT Temporary/static/css/bootstrap.min.css: 0
[2016-04-15 03:47:00] EDIT Temporary/views/layout.html: 0
[2016-04-15 03:47:58] EDIT Temporary/views/layout.html: 0
[2016-04-15 03:48:45] EDIT Temporary/views/layout.html: 0
[2016-04-15 03:49:58] EDIT Temporary/static/css/bootstrap.min.css: 0
[2016-04-15 03:51:32] EDIT Temporary/static/css/bootstrap.min.css: 0
[2016-04-15 03:54:30] EDIT Temporary/static/css/web2py-bootstrap3.css: 0
[2016-04-15 03:54:40] EDIT Temporary/static/css/web2py-bootstrap3.css: 1
[2016-04-15 03:54:42] EDIT Temporary/static/css/web2py-bootstrap3.css: 0
[2016-04-15 03:54:48] EDIT Temporary/static/css/web2py-bootstrap3.css: -1
[2016-04-15 03:55:00] EDIT Temporary/static/css/web2py-bootstrap3.css: 1
[2016-04-15 03:55:30] EDIT Temporary/static/css/web2py-bootstrap3.css: 0
[2016-04-15 03:55:38] EDIT Temporary/static/css/web2py-bootstrap3.css: 0
[2016-04-15 03:55:42] EDIT Temporary/static/css/web2py-bootstrap3.css: -1
[2016-04-15 03:56:08] EDIT Temporary/static/css/web2py-bootstrap3.css: 0
[2016-04-15 04:11:27] EDIT Temporary/static/css/web2py-bootstrap3.css: 0
[2016-04-15 04:11:39] EDIT Temporary/static/css/web2py-bootstrap3.css: 0
[2016-04-15 04:12:24] EDIT Temporary/static/css/web2py-bootstrap3.css: 0
[2016-04-15 04:13:04] EDIT Temporary/static/css/web2py-bootstrap3.css: 0
[2016-04-15 04:13:19] EDIT Temporary/static/css/web2py-bootstrap3.css: 0
[2016-04-15 04:13:28] EDIT Temporary/static/css/web2py-bootstrap3.css: 0
[2016-04-15 04:14:07] EDIT Temporary/views/layout.html: 0
[2016-04-15 04:14:21] EDIT Temporary/views/layout.html: 0
[2016-04-15 04:16:29] EDIT Temporary/views/layout.html: 0
[2016-04-15 04:16:45] EDIT Temporary/views/layout.html: 0
[2016-04-15 04:17:03] EDIT Temporary/views/layout.html: 0
[2016-04-15 04:17:16] EDIT Temporary/views/layout.html: 0
[2016-04-15 04:18:36] EDIT Temporary/static/css/bootstrap.min.css: 0
[2016-04-15 04:18:47] EDIT Temporary/static/css/bootstrap.min.css: 0
[2016-04-15 04:22:00] EDIT Temporary/static/css/bootstrap.min.css: 1
[2016-04-15 04:22:21] EDIT Temporary/static/css/bootstrap.min.css: 0
[2016-04-15 04:23:20] EDIT Temporary/views/layout.html: 0
[2016-04-15 04:23:25] EDIT Temporary/views/layout.html: 0
[2016-04-15 04:23:43] EDIT Temporary/views/layout.html: 0
[2016-04-15 04:24:24] EDIT Temporary/views/layout.html: 0
[2016-04-15 04:25:02] EDIT Temporary/views/layout.html: 0
[2016-04-15 04:29:13] EDIT Temporary/views/layout.html: 0
[2016-04-15 04:30:33] EDIT Temporary/views/layout.html: 0
[2016-04-15 04:33:37] EDIT Temporary/static/css/bootstrap.min.css: 0
[2016-04-15 04:35:25] EDIT Temporary/views/layout.html: 0
[2016-04-15 04:35:36] EDIT Temporary/views/layout.html: 0
[2016-04-15 04:35:56] EDIT Temporary/views/layout.html: 0
[2016-04-15 04:36:27] EDIT Temporary/views/layout.html: 0
[2016-04-15 04:36:46] EDIT Temporary/views/layout.html: 0
[2016-04-15 04:36:53] EDIT Temporary/views/layout.html: 0
[2016-04-15 04:37:16] EDIT Temporary/views/layout.html: 0
[2016-04-15 04:37:46] EDIT Temporary/views/layout.html: 0
[2016-04-15 04:38:04] EDIT Temporary/views/layout.html: 0
[2016-04-15 04:38:10] EDIT Temporary/views/layout.html: 0
[2016-04-15 04:38:35] EDIT Temporary/views/layout.html: 0
[2016-04-15 04:38:57] EDIT Temporary/views/layout.html: 0
[2016-04-15 04:46:39] EDIT Temporary/static/css/bootstrap.min.css: 0
[2016-04-15 18:34:02] EDIT Temporary/static/css/web2py.css: 0
[2016-04-15 18:36:46] EDIT Temporary/static/css/bootstrap.min.css: 0
[2016-04-15 18:36:47] EDIT Temporary/static/css/bootstrap.min.css: 0
[2016-04-15 18:36:48] EDIT Temporary/static/css/bootstrap.min.css: 0
[2016-04-15 18:38:00] EDIT Temporary/views/layout.html: 0
[2016-04-15 18:38:27] EDIT Temporary/views/layout.html: 0
[2016-04-15 18:38:45] EDIT Temporary/views/layout.html: 0
[2016-04-15 18:52:10] EDIT Temporary/static/css/bootstrap.min.css: 3
[2016-04-15 18:52:12] EDIT Temporary/static/css/bootstrap.min.css: 0
[2016-04-15 18:52:23] EDIT Temporary/static/css/bootstrap.min.css: 0
[2016-04-15 18:52:46] EDIT Temporary/static/css/bootstrap.min.css: 0
[2016-04-15 18:53:00] EDIT Temporary/static/css/bootstrap.min.css: 1
[2016-04-15 18:53:22] EDIT Temporary/static/css/bootstrap.min.css: 0
[2016-04-15 19:31:15] EDIT Temporary/static/css/bootstrap.min.css: 0
[2016-04-15 19:31:31] EDIT Temporary/static/css/bootstrap.min.css: 0
[2016-04-15 19:31:52] EDIT Temporary/static/css/bootstrap.min.css: 0
[2016-04-15 19:32:40] EDIT Temporary/static/css/bootstrap.min.css: 0
[2016-04-15 19:34:39] EDIT Temporary/static/css/bootstrap.min.css: 0
[2016-04-15 19:37:04] EDIT Temporary/static/css/bootstrap.min.css: 0
[2016-04-15 19:37:17] EDIT Temporary/static/css/bootstrap.min.css: 0
[2016-04-15 19:38:41] EDIT Temporary/static/css/bootstrap.min.css: -3
[2016-04-15 19:38:45] EDIT Temporary/static/css/bootstrap.min.css: 1
[2016-04-15 19:38:49] EDIT Temporary/static/css/bootstrap.min.css: 1
[2016-04-15 19:39:36] EDIT Temporary/static/css/bootstrap.min.css: 1
[2016-04-15 19:42:55] EDIT Temporary/views/layout.html: 0
[2016-04-15 19:45:19] EDIT Temporary/views/default/index.html: -5
[2016-04-15 19:45:24] EDIT Temporary/views/default/index.html: -3
[2016-04-15 19:45:40] EDIT Temporary/views/default/index.html: -7
[2016-04-15 19:46:17] EDIT Temporary/views/default/index.html: 0
[2016-04-15 19:46:48] EDIT Temporary/views/default/index.html: -22
[2016-04-15 19:46:57] EDIT Temporary/views/default/index.html: 0
[2016-04-15 19:47:07] EDIT Temporary/views/default/index.html: -1
[2016-04-15 19:47:50] EDIT Temporary/views/default/index.html: -10
[2016-04-15 19:48:41] EDIT Temporary/views/default/index.html: 10
[2016-04-15 19:49:12] EDIT Temporary/views/default/index.html: 0
[2016-04-15 19:49:22] EDIT Temporary/views/default/index.html: 0
[2016-04-15 19:49:26] EDIT Temporary/views/default/index.html: 0
[2016-04-15 19:49:30] EDIT Temporary/views/default/index.html: 0
[2016-04-15 19:50:44] EDIT Temporary/static/css/web2py-bootstrap3.css: 1
[2016-04-15 19:50:58] EDIT Temporary/static/css/web2py-bootstrap3.css: -1
[2016-04-15 19:55:09] EDIT Temporary/static/css/bootstrap.min.css: 0
[2016-04-15 19:55:26] EDIT Temporary/static/css/bootstrap.min.css: 0
[2016-04-15 19:55:46] EDIT Temporary/static/css/bootstrap.min.css: 0
[2016-04-15 19:55:56] EDIT Temporary/static/css/bootstrap.min.css: 0
[2016-04-15 19:56:12] EDIT Temporary/static/css/bootstrap.min.css: 0
[2016-04-15 19:56:35] EDIT Temporary/static/css/bootstrap.min.css: 0
[2016-04-15 19:57:43] EDIT Temporary/static/css/bootstrap.min.css: 0
[2016-04-15 19:58:29] EDIT Temporary/static/css/bootstrap.min.css: 0
[2016-04-15 19:58:39] EDIT Temporary/static/css/bootstrap.min.css: 0
[2016-04-15 19:59:01] EDIT Temporary/static/css/bootstrap.min.css: 0
[2016-04-15 19:59:16] EDIT Temporary/static/css/bootstrap.min.css: 0
[2016-04-15 20:00:55] EDIT Temporary/static/css/bootstrap.min.css: 0
[2016-04-15 20:01:48] EDIT Temporary/static/css/bootstrap.min.css: 0
[2016-04-15 20:03:49] EDIT Temporary/static/css/bootstrap.min.css: 0
[2016-04-15 20:03:59] EDIT Temporary/static/css/bootstrap.min.css: 0
[2016-04-15 20:04:20] EDIT Temporary/static/css/bootstrap.min.css: 0
[2016-04-15 20:05:35] EDIT Temporary/static/css/bootstrap.min.css: 0
[2016-04-15 20:05:40] EDIT Temporary/static/css/bootstrap.min.css: 0
[2016-04-15 20:06:42] EDIT Temporary/views/layout.html: 0
[2016-04-15 20:06:54] EDIT Temporary/views/layout.html: 0
[2016-04-15 20:07:06] EDIT Temporary/views/layout.html: 0
[2016-04-15 20:07:36] EDIT Temporary/views/layout.html: 0
[2016-04-15 20:07:59] EDIT Temporary/views/layout.html: -1
[2016-04-15 20:08:38] EDIT Temporary/views/layout.html: 0
[2016-04-15 20:08:58] EDIT Temporary/views/layout.html: 0
[2016-04-15 20:09:16] EDIT Temporary/views/layout.html: 0
[2016-04-15 20:11:58] EDIT Temporary/static/css/web2py.css: 0
[2016-04-15 20:12:14] EDIT Temporary/static/css/web2py.css: 0
[2016-04-15 20:13:22] EDIT Temporary/static/css/web2py.css: 0
[2016-04-15 20:16:32] EDIT Temporary/static/css/web2py.css: 0
[2016-04-15 20:16:55] EDIT Temporary/static/css/bootstrap.min.css: 0
[2016-04-15 20:17:30] EDIT Temporary/views/layout.html: 0
[2016-04-15 20:25:12] EDIT Temporary/models/menu.py: 0
[2016-04-15 20:25:28] EDIT Temporary/models/menu.py: 0
[2016-04-15 20:26:10] EDIT Temporary/views/layout.html: 0
[2016-04-15 20:26:10] EDIT Temporary/views/layout.html: 0
[2016-04-15 20:26:10] EDIT Temporary/views/layout.html: 0
[2016-04-15 20:26:56] EDIT Temporary/views/layout.html: 0
[2016-04-15 20:27:23] EDIT Temporary/views/layout.html: 0
[2016-04-15 20:27:42] EDIT Temporary/views/layout.html: 0
[2016-04-15 20:27:54] EDIT Temporary/views/layout.html: 0
[2016-04-15 20:28:50] EDIT Temporary/views/layout.html: 0
[2016-04-15 20:28:59] EDIT Temporary/views/layout.html: 0
[2016-04-15 20:29:10] EDIT Temporary/views/layout.html: 0
[2016-04-15 20:29:36] EDIT Temporary/views/layout.html: 0
[2016-04-15 20:32:02] EDIT Temporary/views/layout.html: 0
[2016-04-15 20:36:14] EDIT Temporary/views/layout.html: 0
[2016-04-15 20:36:32] EDIT Temporary/views/layout.html: 0
[2016-04-15 20:37:48] EDIT Temporary/static/css/bootstrap.min.css: 0
[2016-04-15 20:37:51] EDIT Temporary/static/css/bootstrap.min.css: 0
[2016-04-15 20:38:44] EDIT Temporary/static/css/web2py.css: 4
[2016-04-15 20:39:17] EDIT Temporary/static/css/web2py-bootstrap3.css: 4
[2016-04-15 20:39:31] EDIT Temporary/static/css/web2py-bootstrap3.css: -4
[2016-04-15 20:48:14] EDIT Temporary/static/css/bootstrap.min.css: 0
[2016-04-15 20:49:00] EDIT Temporary/static/css/bootstrap.min.css: 0
[2016-04-15 20:49:30] EDIT Temporary/static/css/bootstrap.min.css: 0
[2016-04-15 20:53:19] EDIT Temporary/static/css/bootstrap.min.css: 0
[2016-04-15 20:55:01] EDIT Temporary/static/css/web2py-bootstrap3.css: 0
[2016-04-15 20:55:21] EDIT Temporary/static/css/web2py-bootstrap3.css: 0
[2016-04-15 20:55:36] EDIT Temporary/static/css/web2py-bootstrap3.css: 0
[2016-04-15 20:56:17] EDIT Temporary/static/css/web2py-bootstrap3.css: 0
[2016-04-15 20:56:57] EDIT Temporary/static/css/web2py-bootstrap3.css: 1
[2016-04-15 21:01:41] EDIT Temporary/static/css/web2py-bootstrap3.css: -1
[2016-04-15 21:03:18] EDIT Temporary/static/css/bootstrap.min.css: 0
[2016-04-15 21:04:20] EDIT Temporary/static/css/bootstrap.min.css: 0
[2016-04-15 21:05:37] EDIT Temporary/models/menu.py: 0
[2016-04-15 21:09:24] EDIT Temporary/static/css/bootstrap.min.css: 0
[2016-04-15 21:09:37] EDIT Temporary/static/css/bootstrap.min.css: 0
[2016-04-15 21:13:30] EDIT Temporary/static/css/bootstrap.min.css: 0
[2016-04-15 21:18:17] EDIT Temporary/static/css/bootstrap.min.css: 0
[2016-04-15 21:18:57] EDIT Temporary/static/css/bootstrap.min.css: 0
[2016-04-15 21:31:02] EDIT Temporary/static/css/bootstrap.min.css: 0
[2016-04-15 21:31:09] EDIT Temporary/static/css/bootstrap.min.css: 0
[2016-04-15 21:38:21] EDIT Temporary/static/css/bootstrap.min.css: 2
[2016-04-15 21:38:57] EDIT Temporary/static/css/bootstrap.min.css: -2
[2016-04-15 21:39:30] EDIT Temporary/static/css/bootstrap.min.css: 2
[2016-04-15 21:40:14] EDIT Temporary/static/css/bootstrap.min.css: -2
[2016-04-15 21:40:31] EDIT Temporary/static/css/bootstrap.min.css: 0
[2016-04-15 21:41:32] EDIT Temporary/views/layout.html: 0
[2016-04-15 21:41:59] EDIT Temporary/static/css/bootstrap.min.css: 6
[2016-04-15 21:43:35] EDIT Temporary/static/css/bootstrap.min.css: 0
[2016-04-15 21:43:45] EDIT Temporary/static/css/bootstrap.min.css: 0
[2016-04-15 21:44:18] EDIT Temporary/static/css/bootstrap.min.css: 1
[2016-04-15 21:45:09] EDIT Temporary/static/css/bootstrap.min.css: 0
[2016-04-15 21:45:35] EDIT Temporary/static/css/bootstrap.min.css: 0
[2016-04-15 21:45:39] EDIT Temporary/static/css/bootstrap.min.css: 0
[2016-04-15 21:46:00] EDIT Temporary/static/css/bootstrap.min.css: 0
[2016-04-15 21:46:12] EDIT Temporary/static/css/bootstrap.min.css: 0
[2016-04-15 21:49:49] EDIT Temporary/static/css/bootstrap.min.css: 4
[2016-04-15 21:50:15] EDIT Temporary/static/css/bootstrap.min.css: 0
[2016-04-15 21:50:41] EDIT Temporary/static/css/bootstrap.min.css: 0
[2016-04-15 21:51:38] EDIT Temporary/static/css/bootstrap.min.css: 0
[2016-04-15 21:53:00] EDIT Temporary/static/css/bootstrap.min.css: 1
[2016-04-15 21:53:19] EDIT Temporary/static/css/bootstrap.min.css: 0
[2016-04-15 21:53:51] EDIT Temporary/static/css/bootstrap.min.css: -5
[2016-04-15 21:54:37] EDIT Temporary/static/css/bootstrap.min.css: 0
[2016-04-15 21:54:50] EDIT Temporary/static/css/bootstrap.min.css: 0
[2016-04-15 21:55:03] EDIT Temporary/static/css/bootstrap.min.css: 0
[2016-04-15 21:56:40] EDIT Temporary/static/css/bootstrap.min.css: 0
[2016-04-15 21:57:24] EDIT Temporary/views/layout.html: 0
[2016-04-15 21:57:28] EDIT Temporary/views/layout.html: 0
[2016-04-15 21:58:36] EDIT Temporary/static/css/bootstrap.min.css: 0
[2016-04-15 21:59:10] EDIT Temporary/static/css/bootstrap.min.css: 8
[2016-04-15 21:59:39] EDIT Temporary/static/css/bootstrap.min.css: -7
[2016-04-15 22:00:28] EDIT Temporary/views/layout.html: 0
[2016-04-15 22:00:51] EDIT Temporary/static/css/bootstrap.min.css: -2
[2016-04-15 22:02:16] EDIT Temporary/static/css/bootstrap.min.css: 2
[2016-04-15 22:02:37] EDIT Temporary/static/css/bootstrap.min.css: 0
[2016-04-15 22:02:51] EDIT Temporary/static/css/bootstrap.min.css: 0
[2016-04-15 22:03:30] EDIT Temporary/static/css/bootstrap.min.css: 1
[2016-04-15 22:04:01] EDIT Temporary/static/css/bootstrap.min.css: -3
[2016-04-15 22:04:30] EDIT Temporary/static/css/bootstrap.min.css: 1
[2016-04-15 22:04:56] EDIT Temporary/static/css/bootstrap.min.css: 1
[2016-04-15 22:05:12] EDIT Temporary/static/css/bootstrap.min.css: -1
[2016-04-15 22:05:33] EDIT Temporary/static/css/bootstrap.min.css: 1
[2016-04-15 22:06:07] EDIT Temporary/static/css/bootstrap.min.css: 0
[2016-04-15 22:06:26] EDIT Temporary/static/css/bootstrap.min.css: 0
[2016-04-15 22:06:39] EDIT Temporary/static/css/bootstrap.min.css: -1
[2016-04-15 22:07:19] EDIT Temporary/static/css/bootstrap.min.css: 0
[2016-04-15 22:08:00] EDIT Temporary/static/css/bootstrap.min.css: 1
[2016-04-15 22:08:32] EDIT Temporary/static/css/bootstrap.min.css: 2
[2016-04-15 22:08:55] EDIT Temporary/static/css/bootstrap.min.css: -1
[2016-04-15 22:09:06] EDIT Temporary/static/css/bootstrap.min.css: 1
[2016-04-15 22:09:27] EDIT Temporary/static/css/bootstrap.min.css: 0
[2016-04-15 22:09:58] EDIT Temporary/static/css/bootstrap.min.css: 1
[2016-04-15 22:10:20] EDIT Temporary/static/css/bootstrap.min.css: 0
[2016-04-15 22:10:40] EDIT Temporary/static/css/bootstrap.min.css: 0
[2016-04-15 22:11:03] EDIT Temporary/static/css/bootstrap.min.css: 0
[2016-04-15 22:11:14] EDIT Temporary/static/css/bootstrap.min.css: 0
[2016-04-15 22:12:10] EDIT Temporary/static/css/bootstrap.min.css: 0
[2016-04-15 22:12:21] EDIT Temporary/static/css/bootstrap.min.css: 0
[2016-04-15 22:12:31] EDIT Temporary/static/css/bootstrap.min.css: 0
[2016-04-15 22:13:16] EDIT Temporary/static/css/bootstrap.min.css: -2
[2016-04-15 22:15:43] EDIT Temporary/static/css/bootstrap.min.css: 0
[2016-04-15 22:15:53] EDIT Temporary/static/css/bootstrap.min.css: 0
[2016-04-15 22:16:27] EDIT Temporary/static/css/bootstrap.min.css: 1
[2016-04-15 22:17:12] EDIT Temporary/static/css/bootstrap.min.css: 0
[2016-04-15 22:17:52] EDIT Temporary/static/css/bootstrap.min.css: 0
[2016-04-15 22:18:04] EDIT Temporary/static/css/bootstrap.min.css: 0
[2016-04-15 22:18:16] EDIT Temporary/static/css/bootstrap.min.css: 0
[2016-04-15 22:18:22] EDIT Temporary/static/css/bootstrap.min.css: 0
[2016-04-15 22:18:40] EDIT Temporary/static/css/bootstrap.min.css: -1
[2016-04-15 22:18:52] EDIT Temporary/static/css/bootstrap.min.css: 1
[2016-04-15 22:19:09] EDIT Temporary/static/css/bootstrap.min.css: 1
[2016-04-15 22:19:31] EDIT Temporary/static/css/bootstrap.min.css: 1
[2016-04-15 22:19:44] EDIT Temporary/static/css/bootstrap.min.css: 0
[2016-04-15 22:19:55] EDIT Temporary/static/css/bootstrap.min.css: 0
[2016-04-15 22:20:03] EDIT Temporary/static/css/bootstrap.min.css: 0
[2016-04-15 22:20:23] EDIT Temporary/static/css/bootstrap.min.css: 1
[2016-04-15 22:20:46] EDIT Temporary/static/css/bootstrap.min.css: 0
[2016-04-15 22:20:57] EDIT Temporary/static/css/bootstrap.min.css: 0
[2016-04-15 22:21:22] EDIT Temporary/static/css/bootstrap.min.css: 0
[2016-04-15 22:21:54] EDIT Temporary/static/css/bootstrap.min.css: 1
[2016-04-15 22:22:10] EDIT Temporary/static/css/bootstrap.min.css: 0
[2016-04-15 22:23:47] EDIT Temporary/static/css/bootstrap.min.css: -1
[2016-04-15 22:24:02] EDIT Temporary/static/css/bootstrap.min.css: 0
[2016-04-15 22:24:12] EDIT Temporary/static/css/bootstrap.min.css: 0
[2016-04-15 22:24:51] EDIT Temporary/static/css/bootstrap.min.css: 2
[2016-04-15 22:25:04] EDIT Temporary/static/css/bootstrap.min.css: -1
[2016-04-15 22:25:25] EDIT Temporary/static/css/bootstrap.min.css: 0
[2016-04-15 22:25:48] EDIT Temporary/static/css/bootstrap.min.css: 0
[2016-04-15 22:26:01] EDIT Temporary/static/css/bootstrap.min.css: 0
[2016-04-15 22:26:23] EDIT Temporary/static/css/bootstrap.min.css: 0
[2016-04-15 22:27:36] EDIT Temporary/static/css/bootstrap.min.css: 1
[2016-04-15 22:28:12] EDIT Temporary/static/css/bootstrap.min.css: 0
[2016-04-15 22:28:16] EDIT Temporary/static/css/bootstrap.min.css: 0
[2016-04-15 22:28:47] EDIT Temporary/static/css/bootstrap.min.css: 0
[2016-04-15 22:29:00] EDIT Temporary/static/css/bootstrap.min.css: 0
[2016-04-15 22:29:18] EDIT Temporary/static/css/bootstrap.min.css: 0
[2016-04-15 22:34:02] EDIT Temporary/static/css/bootstrap.min.css: 0
[2016-04-15 22:34:20] EDIT Temporary/static/css/bootstrap.min.css: 0
[2016-04-15 22:34:38] EDIT Temporary/static/css/bootstrap.min.css: 0
[2016-04-15 22:35:44] EDIT Temporary/static/css/bootstrap.min.css: 0
[2016-04-15 22:36:03] EDIT Temporary/static/css/bootstrap.min.css: -1
[2016-04-15 22:36:28] EDIT Temporary/static/css/bootstrap.min.css: 0
[2016-04-15 22:37:22] EDIT Temporary/static/css/bootstrap.min.css: 0
[2016-04-15 22:38:04] EDIT Temporary/static/css/bootstrap.min.css: 0
[2016-04-15 22:38:21] EDIT Temporary/static/css/bootstrap.min.css: 0
[2016-04-15 22:39:01] EDIT Temporary/static/css/bootstrap.min.css: 0
[2016-04-15 22:39:44] EDIT Temporary/static/css/bootstrap.min.css: 1
[2016-04-15 22:40:11] EDIT Temporary/static/css/bootstrap.min.css: 0
[2016-04-15 22:40:32] EDIT Temporary/static/css/bootstrap.min.css: 0
[2016-04-15 22:40:49] EDIT Temporary/static/css/bootstrap.min.css: 0
[2016-04-15 22:40:56] EDIT Temporary/static/css/bootstrap.min.css: 0
[2016-04-15 22:41:00] EDIT Temporary/static/css/bootstrap.min.css: 0
[2016-04-15 22:41:24] EDIT Temporary/static/css/bootstrap.min.css: 0
[2016-04-15 22:41:39] EDIT Temporary/static/css/bootstrap.min.css: 0
[2016-04-15 22:41:56] EDIT Temporary/static/css/bootstrap.min.css: 0
[2016-04-15 22:42:08] EDIT Temporary/static/css/bootstrap.min.css: 0
[2016-04-15 22:42:18] EDIT Temporary/static/css/bootstrap.min.css: 0
[2016-04-15 22:43:15] EDIT Temporary/static/css/bootstrap.min.css: 1
[2016-04-15 22:43:28] EDIT Temporary/static/css/bootstrap.min.css: -1
[2016-04-15 22:46:35] EDIT Temporary/static/css/bootstrap.min.css: 0
[2016-04-15 22:47:02] EDIT Temporary/static/css/bootstrap.min.css: 0
[2016-04-15 22:49:45] EDIT Temporary/static/css/bootstrap.min.css: 0
[2016-04-15 22:51:33] EDIT Temporary/static/css/bootstrap.min.css: 0
[2016-04-15 22:51:59] EDIT Temporary/static/css/bootstrap.min.css: 0
[2016-04-15 22:52:15] EDIT Temporary/static/css/bootstrap.min.css: 0
[2016-04-15 22:52:48] EDIT Temporary/static/css/bootstrap.min.css: 0
[2016-04-15 22:54:19] EDIT Temporary/static/css/bootstrap.min.css: 0
[2016-04-15 22:54:55] EDIT Temporary/static/css/bootstrap.min.css: 0
[2016-04-15 22:56:26] EDIT Temporary/static/css/bootstrap.min.css: 0
[2016-04-15 22:57:39] EDIT Temporary/static/css/bootstrap.min.css: 0
[2016-04-15 22:57:50] EDIT Temporary/static/css/bootstrap.min.css: 0
[2016-04-15 23:08:41] EDIT Temporary/static/css/bootstrap.min.css: 0
